2025-03-01 22:53:38.3865 INFO Application Starting... 
2025-03-01 22:53:39.5749 INFO Now listening on: https://localhost:7219 
2025-03-01 22:53:39.5869 INFO Now listening on: http://localhost:5045 
2025-03-01 22:53:39.6640 INFO Application started. Press Ctrl+C to shut down. 
2025-03-01 22:53:39.6640 INFO Hosting environment: Development 
2025-03-01 22:53:39.6640 INFO Content root path: C:\Users\user\source\repos\UserRegistrationSystem\ 
2025-03-01 22:53:42.1166 INFO Request starting HTTP/2 GET https://localhost:7219/Swagger/index.html - - 
2025-03-01 22:53:42.5857 INFO Request finished HTTP/2 GET https://localhost:7219/Swagger/index.html - - - 200 - text/html;charset=utf-8 470.6353ms 
2025-03-01 22:53:42.6452 INFO Request starting HTTP/2 GET https://localhost:7219/_vs/browserLink - - 
2025-03-01 22:53:42.6452 INFO Request starting HTTP/2 GET https://localhost:7219/_framework/aspnetcore-browser-refresh.js - - 
2025-03-01 22:53:42.6578 INFO Request finished HTTP/2 GET https://localhost:7219/_framework/aspnetcore-browser-refresh.js - - - 200 12376 application/javascript;+charset=utf-8 12.5171ms 
2025-03-01 22:53:42.8057 INFO Request finished HTTP/2 GET https://localhost:7219/_vs/browserLink - - - 200 - text/javascript;+charset=UTF-8 160.4556ms 
2025-03-01 22:53:42.9099 INFO Request starting HTTP/2 GET https://localhost:7219/swagger/v1/swagger.json - - 
2025-03-01 22:53:42.9243 INFO Request finished HTTP/2 GET https://localhost:7219/swagger/v1/swagger.json - - - 200 - application/json;charset=utf-8 14.5502ms 
2025-03-01 22:54:36.4549 INFO Request starting HTTP/2 POST https://localhost:7219/UserRegistrationSystem/register application/json 82 
2025-03-01 22:54:36.4850 INFO Executing endpoint 'UserRegistrationSystem.Controllers.UserRegistrationSystemController.RegisterUser (UserRegistrationSystem)' 
2025-03-01 22:54:36.5400 INFO Route matched with {action = "RegisterUser", controller = "UserRegistrationSystem"}. Executing controller action with signature Microsoft.AspNetCore.Mvc.IActionResult RegisterUser(ModelLayer.DTO.LoginDTO) on controller UserRegistrationSystem.Controllers.UserRegistrationSystemController (UserRegistrationSystem). 
2025-03-01 22:54:37.1970 INFO Register method called. 
2025-03-01 22:54:37.1970 INFO Business Layer: Registering user... 
2025-03-01 22:54:37.2299 INFO Repository Layer: Saving user data to DB... 
2025-03-01 22:54:38.3321 INFO Entity Framework Core 6.0.36 initialized 'UserRegistrationContext' using provider 'Microsoft.EntityFrameworkCore.SqlServer:6.0.36' with options: None 
2025-03-01 22:54:40.3832 INFO Executed DbCommand (192ms) [Parameters=[@__newUser_Email_0='?' (Size = 4000)], CommandType='Text', CommandTimeout='30']
SELECT CASE
    WHEN EXISTS (
        SELECT 1
        FROM [Users] AS [u]
        WHERE [u].[Email] = @__newUser_Email_0) THEN CAST(1 AS bit)
    ELSE CAST(0 AS bit)
END 
2025-03-01 22:54:40.8236 INFO Executed DbCommand (45ms) [Parameters=[@p0='?' (Size = 4000), @p1='?' (Size = 4000), @p2='?' (Size = 4000), @p3='?' (Size = 4000)], CommandType='Text', CommandTimeout='30']
SET NOCOUNT ON;
INSERT INTO [Users] ([Email], [FirstName], [LastName], [Password])
VALUES (@p0, @p1, @p2, @p3);
SELECT [UserId]
FROM [Users]
WHERE @@ROWCOUNT = 1 AND [UserId] = scope_identity(); 
2025-03-01 22:54:40.9034 INFO User Registered successfully. 
2025-03-01 22:54:40.9150 INFO Executing OkObjectResult, writing value of type 'ModelLayer.DTO.ResponseModel`1[[System.String, System.Private.CoreLib, Version=6.0.0.0, Culture=neutral, PublicKeyToken=7cec85d7bea7798e]]'. 
2025-03-01 22:54:40.9286 INFO Executed action UserRegistrationSystem.Controllers.UserRegistrationSystemController.RegisterUser (UserRegistrationSystem) in 4378.8123ms 
2025-03-01 22:54:40.9286 INFO Executed endpoint 'UserRegistrationSystem.Controllers.UserRegistrationSystemController.RegisterUser (UserRegistrationSystem)' 
2025-03-01 22:54:40.9496 INFO Request finished HTTP/2 POST https://localhost:7219/UserRegistrationSystem/register application/json 82 - 200 - application/json;+charset=utf-8 4494.7387ms 
2025-03-01 22:55:04.8249 INFO Request starting HTTP/2 POST https://localhost:7219/UserRegistrationSystem/login application/json 82 
2025-03-01 22:55:04.8249 INFO Executing endpoint 'UserRegistrationSystem.Controllers.UserRegistrationSystemController.Login (UserRegistrationSystem)' 
2025-03-01 22:55:04.8249 INFO Route matched with {action = "Login", controller = "UserRegistrationSystem"}. Executing controller action with signature Microsoft.AspNetCore.Mvc.IActionResult Login(ModelLayer.DTO.LoginDTO) on controller UserRegistrationSystem.Controllers.UserRegistrationSystemController (UserRegistrationSystem). 
2025-03-01 22:55:04.8405 INFO Entity Framework Core 6.0.36 initialized 'UserRegistrationContext' using provider 'Microsoft.EntityFrameworkCore.SqlServer:6.0.36' with options: None 
2025-03-01 22:55:05.0073 INFO Executed DbCommand (69ms) [Parameters=[@__email_0='?' (Size = 4000)], CommandType='Text', CommandTimeout='30']
SELECT TOP(1) [u].[UserId], [u].[Email], [u].[FirstName], [u].[LastName], [u].[Password]
FROM [Users] AS [u]
WHERE [u].[Email] = @__email_0 
2025-03-01 22:55:05.0073 INFO User abcd@xyz.com logged in successfully. 
2025-03-01 22:55:05.0073 INFO Executing OkObjectResult, writing value of type 'ModelLayer.DTO.ResponseModel`1[[System.String, System.Private.CoreLib, Version=6.0.0.0, Culture=neutral, PublicKeyToken=7cec85d7bea7798e]]'. 
2025-03-01 22:55:05.0199 INFO Executed action UserRegistrationSystem.Controllers.UserRegistrationSystemController.Login (UserRegistrationSystem) in 186.8212ms 
2025-03-01 22:55:05.0199 INFO Executed endpoint 'UserRegistrationSystem.Controllers.UserRegistrationSystemController.Login (UserRegistrationSystem)' 
2025-03-01 22:55:05.0199 INFO Request finished HTTP/2 POST https://localhost:7219/UserRegistrationSystem/login application/json 82 - 200 - application/json;+charset=utf-8 195.8075ms 
2025-03-03 10:33:29.9039 INFO Application Starting... 
2025-03-03 10:33:31.1357 INFO Now listening on: https://localhost:7219 
2025-03-03 10:33:31.1357 INFO Now listening on: http://localhost:5045 
2025-03-03 10:33:31.2173 INFO Application started. Press Ctrl+C to shut down. 
2025-03-03 10:33:31.2173 INFO Hosting environment: Development 
2025-03-03 10:33:31.2173 INFO Content root path: C:\Users\user\source\repos\UserRegistrationSystem\ 
2025-03-03 10:33:31.9158 INFO Request starting HTTP/2 GET https://localhost:7219/Swagger/index.html - - 
2025-03-03 10:33:32.2893 INFO Request finished HTTP/2 GET https://localhost:7219/Swagger/index.html - - - 200 - text/html;charset=utf-8 375.6655ms 
2025-03-03 10:33:32.2893 INFO Request starting HTTP/2 GET https://localhost:7219/_framework/aspnetcore-browser-refresh.js - - 
2025-03-03 10:33:32.3135 INFO Request finished HTTP/2 GET https://localhost:7219/_framework/aspnetcore-browser-refresh.js - - - 200 12376 application/javascript;+charset=utf-8 19.0270ms 
2025-03-03 10:33:32.3213 INFO Request starting HTTP/2 GET https://localhost:7219/_vs/browserLink - - 
2025-03-03 10:33:32.4260 INFO Request finished HTTP/2 GET https://localhost:7219/_vs/browserLink - - - 200 - text/javascript;+charset=UTF-8 104.8726ms 
2025-03-03 10:33:32.4898 INFO Request starting HTTP/2 GET https://localhost:7219/swagger/v1/swagger.json - - 
2025-03-03 10:33:32.4898 INFO Request finished HTTP/2 GET https://localhost:7219/swagger/v1/swagger.json - - - 200 - application/json;charset=utf-8 12.7601ms 
2025-03-03 10:33:58.4419 INFO Request starting HTTP/2 POST https://localhost:7219/UserRegistrationSystem/register application/json 79 
2025-03-03 10:33:58.4614 INFO Executing endpoint 'UserRegistrationSystem.Controllers.UserRegistrationSystemController.RegisterUser (UserRegistrationSystem)' 
2025-03-03 10:33:58.5115 INFO Route matched with {action = "RegisterUser", controller = "UserRegistrationSystem"}. Executing controller action with signature Microsoft.AspNetCore.Mvc.IActionResult RegisterUser(ModelLayer.DTO.LoginDTO) on controller UserRegistrationSystem.Controllers.UserRegistrationSystemController (UserRegistrationSystem). 
2025-03-03 10:33:58.9816 INFO Register method called. 
2025-03-03 10:33:58.9816 INFO Business Layer: Registering user... 
2025-03-03 10:33:59.0003 INFO Repository Layer: Saving user data to DB... 
2025-03-03 10:34:00.1660 INFO Entity Framework Core 6.0.36 initialized 'UserRegistrationContext' using provider 'Microsoft.EntityFrameworkCore.SqlServer:6.0.36' with options: None 
2025-03-03 10:34:02.2569 INFO Executed DbCommand (214ms) [Parameters=[@__newUser_Email_0='?' (Size = 4000)], CommandType='Text', CommandTimeout='30']
SELECT CASE
    WHEN EXISTS (
        SELECT 1
        FROM [Users] AS [u]
        WHERE [u].[Email] = @__newUser_Email_0) THEN CAST(1 AS bit)
    ELSE CAST(0 AS bit)
END 
2025-03-03 10:34:02.7135 INFO Executed DbCommand (32ms) [Parameters=[@p0='?' (Size = 4000), @p1='?' (Size = 4000), @p2='?' (Size = 4000), @p3='?' (Size = 4000)], CommandType='Text', CommandTimeout='30']
SET NOCOUNT ON;
INSERT INTO [Users] ([Email], [FirstName], [LastName], [Password])
VALUES (@p0, @p1, @p2, @p3);
SELECT [UserId]
FROM [Users]
WHERE @@ROWCOUNT = 1 AND [UserId] = scope_identity(); 
2025-03-03 10:34:02.7941 INFO User Registered successfully. 
2025-03-03 10:34:02.7941 INFO Executing OkObjectResult, writing value of type 'ModelLayer.DTO.ResponseModel`1[[System.String, System.Private.CoreLib, Version=6.0.0.0, Culture=neutral, PublicKeyToken=7cec85d7bea7798e]]'. 
2025-03-03 10:34:02.8140 INFO Executed action UserRegistrationSystem.Controllers.UserRegistrationSystemController.RegisterUser (UserRegistrationSystem) in 4294.8886ms 
2025-03-03 10:34:02.8140 INFO Executed endpoint 'UserRegistrationSystem.Controllers.UserRegistrationSystemController.RegisterUser (UserRegistrationSystem)' 
2025-03-03 10:34:02.8313 INFO Request finished HTTP/2 POST https://localhost:7219/UserRegistrationSystem/register application/json 79 - 200 - application/json;+charset=utf-8 4389.5218ms 
2025-03-03 11:38:30.0075 INFO Application Starting... 
2025-03-03 11:38:31.3631 INFO Now listening on: https://localhost:7219 
2025-03-03 11:38:31.3732 INFO Now listening on: http://localhost:5045 
2025-03-03 11:38:31.4459 INFO Application started. Press Ctrl+C to shut down. 
2025-03-03 11:38:31.4459 INFO Hosting environment: Development 
2025-03-03 11:38:31.4459 INFO Content root path: C:\Users\user\source\repos\UserRegistrationSystem\ 
2025-03-03 11:38:33.3607 INFO Request starting HTTP/2 GET https://localhost:7219/Swagger/index.html - - 
2025-03-03 11:38:33.9227 INFO Request finished HTTP/2 GET https://localhost:7219/Swagger/index.html - - - 200 - text/html;charset=utf-8 564.2706ms 
2025-03-03 11:38:33.9287 INFO Request starting HTTP/2 GET https://localhost:7219/_framework/aspnetcore-browser-refresh.js - - 
2025-03-03 11:38:33.9533 INFO Request starting HTTP/2 GET https://localhost:7219/_vs/browserLink - - 
2025-03-03 11:38:33.9533 INFO Request finished HTTP/2 GET https://localhost:7219/_framework/aspnetcore-browser-refresh.js - - - 200 12376 application/javascript;+charset=utf-8 24.9574ms 
2025-03-03 11:38:34.0829 INFO Request finished HTTP/2 GET https://localhost:7219/_vs/browserLink - - - 200 - text/javascript;+charset=UTF-8 129.6022ms 
2025-03-03 11:38:34.1253 INFO Request starting HTTP/2 GET https://localhost:7219/swagger/v1/swagger.json - - 
2025-03-03 11:38:34.1345 INFO Request finished HTTP/2 GET https://localhost:7219/swagger/v1/swagger.json - - - 200 - application/json;charset=utf-8 9.4616ms 
2025-03-03 11:40:58.6885 INFO Application Starting... 
2025-03-03 11:40:59.5564 INFO Now listening on: https://localhost:7219 
2025-03-03 11:40:59.5689 INFO Now listening on: http://localhost:5045 
2025-03-03 11:40:59.6431 INFO Application started. Press Ctrl+C to shut down. 
2025-03-03 11:40:59.6431 INFO Hosting environment: Development 
2025-03-03 11:40:59.6431 INFO Content root path: C:\Users\user\source\repos\UserRegistrationSystem\ 
2025-03-03 11:41:01.1403 INFO Request starting HTTP/2 GET https://localhost:7219/Swagger/index.html - - 
2025-03-03 11:41:01.6044 INFO Request finished HTTP/2 GET https://localhost:7219/Swagger/index.html - - - 200 - text/html;charset=utf-8 466.9773ms 
2025-03-03 11:41:01.6253 INFO Request starting HTTP/2 GET https://localhost:7219/_framework/aspnetcore-browser-refresh.js - - 
2025-03-03 11:41:01.6321 INFO Request finished HTTP/2 GET https://localhost:7219/_framework/aspnetcore-browser-refresh.js - - - 200 12376 application/javascript;+charset=utf-8 6.8773ms 
2025-03-03 11:41:01.7813 INFO Request starting HTTP/2 GET https://localhost:7219/_vs/browserLink - - 
2025-03-03 11:41:01.7813 INFO Request starting HTTP/2 GET https://localhost:7219/_framework/aspnetcore-browser-refresh.js - - 
2025-03-03 11:41:01.7813 INFO Request finished HTTP/2 GET https://localhost:7219/_framework/aspnetcore-browser-refresh.js - - - 200 12376 application/javascript;+charset=utf-8 0.9535ms 
2025-03-03 11:41:01.9738 INFO Request finished HTTP/2 GET https://localhost:7219/_vs/browserLink - - - 200 - text/javascript;+charset=UTF-8 192.4696ms 
2025-03-03 11:41:02.0278 INFO Request starting HTTP/2 GET https://localhost:7219/swagger/v1/swagger.json - - 
2025-03-03 11:41:02.0417 INFO Request finished HTTP/2 GET https://localhost:7219/swagger/v1/swagger.json - - - 200 - application/json;charset=utf-8 13.8434ms 
2025-03-03 11:41:13.2025 INFO Request starting HTTP/2 GET https://localhost:7219/UserRegistrationSystem - - 
2025-03-03 11:41:13.2153 INFO Executing endpoint 'UserRegistrationSystem.Controllers.UserRegistrationSystemController.Get (UserRegistrationSystem)' 
2025-03-03 11:41:13.2432 INFO Route matched with {action = "Get", controller = "UserRegistrationSystem"}. Executing controller action with signature System.String Get() on controller UserRegistrationSystem.Controllers.UserRegistrationSystemController (UserRegistrationSystem). 
2025-03-03 11:41:13.9229 INFO Executing ObjectResult, writing value of type 'System.String'. 
2025-03-03 11:41:13.9323 INFO Executed action UserRegistrationSystem.Controllers.UserRegistrationSystemController.Get (UserRegistrationSystem) in 681.4494ms 
2025-03-03 11:41:13.9323 INFO Executed endpoint 'UserRegistrationSystem.Controllers.UserRegistrationSystemController.Get (UserRegistrationSystem)' 
2025-03-03 11:41:13.9323 INFO Request finished HTTP/2 GET https://localhost:7219/UserRegistrationSystem - - - 200 - text/plain;+charset=utf-8 736.7935ms 
